<?xml version="1.0" encoding="UTF-8"?>
<!-- Generated by org.testng.reporters.JUnitReportReporter -->
<testsuite hostname="Predator" failures="0" tests="2" name="stthomas.stc_research_automation.tests.ResearchPolicies" time="29.040" errors="0" timestamp="2025-07-15T13:51:40 IST" skipped="0">
  <testcase classname="stthomas.stc_research_automation.tests.ResearchPolicies" name="verifyResearchPoliciesPage" time="2.858"/>
  <testcase classname="stthomas.stc_research_automation.tests.ResearchPolicies" name="clickResearchPolicyLinks" time="26.182"/>
</testsuite> <!-- stthomas.stc_research_automation.tests.ResearchPolicies -->
