<?xml version="1.0" encoding="UTF-8"?>
<!-- Generated by org.testng.reporters.JUnitReportReporter -->
<testsuite hostname="Predator" failures="0" tests="3" name="stthomas.stc_research_automation.tests.Journals" time="79.947" errors="0" timestamp="2025-07-15T13:51:40 IST" skipped="0">
  <testcase classname="stthomas.stc_research_automation.tests.Journals" name="navigateToJournalsSection" time="2.492"/>
  <testcase classname="stthomas.stc_research_automation.tests.Journals" name="viewJournalHomePageAndReturn" time="25.287"/>
  <testcase classname="stthomas.stc_research_automation.tests.Journals" name="verifyJournalVolumes" time="52.168"/>
</testsuite> <!-- stthomas.stc_research_automation.tests.Journals -->
