<?xml version="1.0" encoding="UTF-8"?>
<!-- Generated by org.testng.reporters.JUnitReportReporter -->
<testsuite hostname="Predator" failures="0" tests="2" name="stthomas.stc_research_automation.tests.RacMembers" time="14.876" errors="0" timestamp="2025-07-15T13:51:40 IST" skipped="0">
  <testcase classname="stthomas.stc_research_automation.tests.RacMembers" name="navigateToResearchCouncilMembers" time="1.505"/>
  <testcase classname="stthomas.stc_research_automation.tests.RacMembers" name="scrollAndVerifyCouncilMembersContent" time="13.371"/>
</testsuite> <!-- stthomas.stc_research_automation.tests.RacMembers -->
