<?xml version="1.0" encoding="UTF-8"?>
<!-- Generated by org.testng.reporters.JUnitReportReporter -->
<testsuite hostname="Predator" failures="0" tests="2" name="stthomas.stc_research_automation.tests.ResearchEthics" time="9.696" errors="0" timestamp="2025-07-15T13:51:40 IST" skipped="0">
  <testcase classname="stthomas.stc_research_automation.tests.ResearchEthics" name="navigateToResearchEthics" time="2.756"/>
  <testcase classname="stthomas.stc_research_automation.tests.ResearchEthics" name="scrollAndValidateResearchEthicsPDF" time="6.940"/>
</testsuite> <!-- stthomas.stc_research_automation.tests.ResearchEthics -->
