<?xml version="1.0" encoding="UTF-8"?>
<!-- Generated by org.testng.reporters.JUnitReportReporter -->
<testsuite hostname="Predator" failures="0" tests="6" name="stthomas.stc_research_automation.tests.AboutRAC" time="54.736" errors="0" timestamp="2025-07-15T13:51:40 IST" skipped="0">
  <testcase classname="stthomas.stc_research_automation.tests.AboutRAC" name="verifyAboutPageTitle" time="0.059"/>
  <testcase classname="stthomas.stc_research_automation.tests.AboutRAC" name="verifyResearchCouncilNavigation" time="1.156"/>
  <testcase classname="stthomas.stc_research_automation.tests.AboutRAC" name="verifyPhdPageNavigation" time="5.528"/>
  <testcase classname="stthomas.stc_research_automation.tests.AboutRAC" name="verifyPhdAwardeesSections" time="40.249"/>
  <testcase classname="stthomas.stc_research_automation.tests.AboutRAC" name="verifyDirectorateOfResearchLink" time="3.422"/>
  <testcase classname="stthomas.stc_research_automation.tests.AboutRAC" name="verifyAnnualResearchReports" time="4.322"/>
</testsuite> <!-- stthomas.stc_research_automation.tests.AboutRAC -->
