<?xml version="1.0" encoding="UTF-8"?>
<!-- Generated by org.testng.reporters.JUnitReportReporter -->
<testsuite hostname="Predator" failures="0" tests="7" name="stthomas.stc_research_automation.tests.PhdRegulationsAndUo" time="156.618" errors="0" timestamp="2025-07-15T13:51:40 IST" skipped="0">
  <testcase classname="stthomas.stc_research_automation.tests.PhdRegulationsAndUo" name="navigateToPhdRegPage" time="2.801"/>
  <testcase classname="stthomas.stc_research_automation.tests.PhdRegulationsAndUo" name="verifyDirectorateOfAdmissionLink" time="7.083"/>
  <testcase classname="stthomas.stc_research_automation.tests.PhdRegulationsAndUo" name="verifyImportantLinksSetOne" time="8.416"/>
  <testcase classname="stthomas.stc_research_automation.tests.PhdRegulationsAndUo" name="verifyPdfOpeningTable1" time="13.423"/>
  <testcase classname="stthomas.stc_research_automation.tests.PhdRegulationsAndUo" name="verifySecondLinkSet" time="23.442"/>
  <testcase classname="stthomas.stc_research_automation.tests.PhdRegulationsAndUo" name="verifyPdfOpeningTable2" time="5.212"/>
  <testcase classname="stthomas.stc_research_automation.tests.PhdRegulationsAndUo" name="verifyRemainingLinks" time="96.241"/>
</testsuite> <!-- stthomas.stc_research_automation.tests.PhdRegulationsAndUo -->
