<?xml version="1.0" encoding="UTF-8"?>
<!-- Generated by org.testng.reporters.JUnitReportReporter -->
<testsuite hostname="Predator" failures="0" tests="4" name="stthomas.stc_research_automation.tests.RandPEthics2021" time="71.793" errors="0" timestamp="2025-07-15T13:51:40 IST" skipped="0">
  <testcase classname="stthomas.stc_research_automation.tests.RandPEthics2021" name="verifyResearchRegulationsPage" time="4.587"/>
  <testcase classname="stthomas.stc_research_automation.tests.RandPEthics2021" name="verifyBrochureLink" time="5.647"/>
  <testcase classname="stthomas.stc_research_automation.tests.RandPEthics2021" name="verifyDirectorateOfResearchLink" time="17.759"/>
  <testcase classname="stthomas.stc_research_automation.tests.RandPEthics2021" name="verifyCircularsAndOrdersLink" time="43.800"/>
</testsuite> <!-- stthomas.stc_research_automation.tests.RandPEthics2021 -->
