<?xml version="1.0" encoding="UTF-8"?>
<!-- Generated by org.testng.reporters.JUnitReportReporter -->
<testsuite hostname="Predator" failures="0" tests="2" name="stthomas.stc_research_automation.tests.AnnualResearchReports" time="35.075" errors="0" timestamp="2025-07-15T13:51:40 IST" skipped="0">
  <testcase classname="stthomas.stc_research_automation.tests.AnnualResearchReports" name="navigateToAnnualResearchReportSection" time="2.197"/>
  <testcase classname="stthomas.stc_research_automation.tests.AnnualResearchReports" name="openAllAnnualResearchReports" time="32.878"/>
</testsuite> <!-- stthomas.stc_research_automation.tests.AnnualResearchReports -->
