<?xml version="1.0" encoding="UTF-8"?>
<!-- Generated by org.testng.reporters.JUnitReportReporter -->
<testsuite hostname="Predator" failures="0" tests="3" name="stthomas.stc_research_automation.tests.AwardsAndFellowships" time="73.192" errors="0" timestamp="2025-07-15T13:51:40 IST" skipped="0">
  <testcase classname="stthomas.stc_research_automation.tests.AwardsAndFellowships" name="navigateToAwardsAndFellowshipsPage" time="3.083"/>
  <testcase classname="stthomas.stc_research_automation.tests.AwardsAndFellowships" name="verifyPaginationControls" time="25.912"/>
  <testcase classname="stthomas.stc_research_automation.tests.AwardsAndFellowships" name="verifyLinkNavigationAndBack" time="44.197"/>
</testsuite> <!-- stthomas.stc_research_automation.tests.AwardsAndFellowships -->
