<?xml version="1.0" encoding="UTF-8"?>
<!-- Generated by org.testng.reporters.JUnitReportReporter -->
<testsuite hostname="Predator" failures="0" tests="4" name="stthomas.stc_research_automation.tests.ResearchHighlight" time="438.498" errors="0" timestamp="2025-07-15T13:51:40 IST" skipped="0">
  <testcase classname="stthomas.stc_research_automation.tests.ResearchHighlight" name="navigateToResearchHighlights" time="4.067"/>
  <testcase classname="stthomas.stc_research_automation.tests.ResearchHighlight" name="verifyResearchHighlightLinks" time="314.873"/>
  <testcase classname="stthomas.stc_research_automation.tests.ResearchHighlight" name="verifyResearchHighlightImageSection" time="107.561"/>
  <testcase classname="stthomas.stc_research_automation.tests.ResearchHighlight" name="verifyResearchHighlightPagination" time="11.997"/>
</testsuite> <!-- stthomas.stc_research_automation.tests.ResearchHighlight -->
