<?xml version="1.0" encoding="UTF-8"?>
<!-- Generated by org.testng.reporters.JUnitReportReporter -->
<testsuite hostname="Predator" failures="0" tests="3" name="stthomas.stc_research_automation.tests.CollaborativeResearch" time="307.637" errors="0" timestamp="2025-07-15T13:51:40 IST" skipped="0">
  <testcase classname="stthomas.stc_research_automation.tests.CollaborativeResearch" name="navigateToCollaborativeResearch" time="3.772"/>
  <testcase classname="stthomas.stc_research_automation.tests.CollaborativeResearch" name="verifyCollaborativeResearchLinks" time="242.790"/>
  <testcase classname="stthomas.stc_research_automation.tests.CollaborativeResearch" name="verifyCollaborativeResearchImages" time="61.075"/>
</testsuite> <!-- stthomas.stc_research_automation.tests.CollaborativeResearch -->
