<?xml version="1.0" encoding="UTF-8"?>
<!-- Generated by org.testng.reporters.JUnitReportReporter -->
<testsuite hostname="Predator" failures="0" tests="4" name="stthomas.stc_research_automation.tests.ResearchProjects" time="343.584" errors="0" timestamp="2025-07-15T13:51:40 IST" skipped="0">
  <testcase classname="stthomas.stc_research_automation.tests.ResearchProjects" name="verifyResearchProjectsSection" time="3.010"/>
  <testcase classname="stthomas.stc_research_automation.tests.ResearchProjects" name="VerifyAllDownloadLinks" time="45.126"/>
  <testcase classname="stthomas.stc_research_automation.tests.ResearchProjects" name="VerifyAllRedirectLinks" time="280.479"/>
  <testcase classname="stthomas.stc_research_automation.tests.ResearchProjects" name="VerifyResearchProjectTable" time="14.969"/>
</testsuite> <!-- stthomas.stc_research_automation.tests.ResearchProjects -->
