<?xml version="1.0" encoding="UTF-8"?>
<!-- Generated by org.testng.reporters.JUnitReportReporter -->
<testsuite hostname="Predator" failures="0" tests="5" name="stthomas.stc_research_automation.tests.RandPEthics2020" time="59.516" errors="0" timestamp="2025-07-15T13:51:40 IST" skipped="0">
  <testcase classname="stthomas.stc_research_automation.tests.RandPEthics2020" name="verifyEthics2020Navigation" time="5.222"/>
  <testcase classname="stthomas.stc_research_automation.tests.RandPEthics2020" name="verifyEthics2020VideoPlayback" time="16.580"/>
  <testcase classname="stthomas.stc_research_automation.tests.RandPEthics2020" name="verifyEthics2020Links" time="22.908"/>
  <testcase classname="stthomas.stc_research_automation.tests.RandPEthics2020" name="verifyEthics2020WindowSwitchLink" time="5.747"/>
  <testcase classname="stthomas.stc_research_automation.tests.RandPEthics2020" name="verifyEthics2020FinalDocuments" time="9.059"/>
</testsuite> <!-- stthomas.stc_research_automation.tests.RandPEthics2020 -->
